<?xml version="1.0" encoding="UTF-8"?>
<!-- Generated by org.testng.reporters.JUnitReportReporter -->
<testsuite hostname="DESKTOP-7FD4UDR" failures="0" tests="1" name="testCases.TC004_radioAndCheckBoxButton" time="10.314" errors="0" timestamp="2022-04-25T18:09:34 BDT" skipped="0">
  <testcase classname="testCases.TC004_radioAndCheckBoxButton" name="RadioAndCheckBoxButtonInFrame" time="10.314"/>
  <system-out/>
</testsuite> <!-- testCases.TC004_radioAndCheckBoxButton -->
