<?xml version="1.0" encoding="UTF-8"?>
<!-- Generated by org.testng.reporters.JUnitReportReporter -->
<testsuite hostname="DESKTOP-7FD4UDR" failures="0" tests="1" name="testCases.Tc002_extract_string" time="21.366" errors="0" timestamp="2022-04-26T23:41:53 BDT" skipped="0">
  <testcase classname="testCases.Tc002_extract_string" name="locatorLearning" time="21.366"/>
  <system-out/>
</testsuite> <!-- testCases.Tc002_extract_string -->
