<?xml version="1.0" encoding="UTF-8"?>
<!-- Generated by org.testng.reporters.JUnitReportReporter -->
<testsuite hostname="DESKTOP-7FD4UDR" failures="0" tests="2" name="testCases.Tc003_verifyPageTitle" time="26.334" errors="0" timestamp="2022-04-26T23:41:54 BDT" skipped="0">
  <testcase classname="testCases.Tc003_verifyPageTitle" name="verifyPageTitle_shoudPass" time="22.044"/>
  <system-out/>
  <testcase classname="testCases.Tc003_verifyPageTitle" name="isWebsiteSecured" time="4.290"/>
  <system-out/>
</testsuite> <!-- testCases.Tc003_verifyPageTitle -->
