<?xml version="1.0" encoding="UTF-8"?>
<!-- Generated by org.testng.reporters.JUnitReportReporter -->
<testsuite hostname="DESKTOP-7FD4UDR" failures="0" tests="1" name="testCases.Tc002_extract_string" time="23.140" errors="0" timestamp="2022-04-25T18:09:34 BDT" skipped="0">
  <testcase classname="testCases.Tc002_extract_string" name="locatorLearning" time="23.140"/>
  <system-out/>
</testsuite> <!-- testCases.Tc002_extract_string -->
