<?xml version="1.0" encoding="UTF-8"?>
<!-- Generated by org.testng.reporters.JUnitReportReporter -->
<testsuite hostname="DESKTOP-7FD4UDR" failures="0" tests="2" name="testCases.Tc003_verifyPageTitle" time="14.015" errors="0" timestamp="2022-04-25T18:09:34 BDT" skipped="0">
  <testcase classname="testCases.Tc003_verifyPageTitle" name="verifyPageTitle_shoudPass" time="13.999"/>
  <system-out/>
  <testcase classname="testCases.Tc003_verifyPageTitle" name="isWebsiteSecured" time="0.016"/>
  <system-out/>
</testsuite> <!-- testCases.Tc003_verifyPageTitle -->
