<?xml version="1.0" encoding="UTF-8"?>
<!-- Generated by org.testng.reporters.JUnitReportReporter -->
<testsuite hostname="DESKTOP-7FD4UDR" failures="0" tests="1" name="advancedTestCase.Tc001_LocatorsLearning" time="28.376" errors="0" timestamp="2022-04-23T16:39:10 BDT" skipped="0">
  <testcase classname="advancedTestCase.Tc001_LocatorsLearning" name="locatorLearning" time="28.376"/>
  <system-out/>
</testsuite> <!-- advancedTestCase.Tc001_LocatorsLearning -->
