<?xml version="1.0" encoding="UTF-8"?>
<!-- Generated by org.testng.reporters.JUnitReportReporter -->
<testsuite hostname="DESKTOP-7FD4UDR" failures="0" tests="1" name="testCases.TC007_Scroll" time="27.673" errors="0" timestamp="2022-04-26T23:41:54 BDT" skipped="0">
  <testcase classname="testCases.TC007_Scroll" name="scrollCheck" time="27.673"/>
  <system-out/>
</testsuite> <!-- testCases.TC007_Scroll -->
