<?xml version="1.0" encoding="UTF-8"?>
<!-- Generated by org.testng.reporters.JUnitReportReporter -->
<testsuite hostname="DESKTOP-7FD4UDR" failures="0" tests="1" name="testCases.TC004_radioAndCheckBoxButton" time="17.047" errors="0" timestamp="2022-04-26T23:41:54 BDT" skipped="0">
  <testcase classname="testCases.TC004_radioAndCheckBoxButton" name="RadioAndCheckBoxButtonInFrame" time="17.047"/>
  <system-out/>
</testsuite> <!-- testCases.TC004_radioAndCheckBoxButton -->
